mode: set
github.com/meitner-se/publicapis-gen/main.go:9.13,12.33 2 1
github.com/meitner-se/publicapis-gen/main.go:12.33,14.3 1 1
github.com/meitner-se/publicapis-gen/main.go:17.35,19.2 1 1
github.com/meitner-se/publicapis-gen/specification/schema.go:16.44,26.2 2 1
github.com/meitner-se/publicapis-gen/specification/schema.go:29.80,31.19 2 1
github.com/meitner-se/publicapis-gen/specification/schema.go:31.19,33.3 1 0
github.com/meitner-se/publicapis-gen/specification/schema.go:35.2,35.20 1 1
github.com/meitner-se/publicapis-gen/specification/schema.go:39.77,41.19 2 1
github.com/meitner-se/publicapis-gen/specification/schema.go:41.19,43.3 1 0
github.com/meitner-se/publicapis-gen/specification/schema.go:45.2,45.20 1 1
github.com/meitner-se/publicapis-gen/specification/schema.go:49.79,51.19 2 1
github.com/meitner-se/publicapis-gen/specification/schema.go:51.19,53.3 1 0
github.com/meitner-se/publicapis-gen/specification/schema.go:55.2,55.20 1 1
github.com/meitner-se/publicapis-gen/specification/schema.go:59.81,61.19 2 1
github.com/meitner-se/publicapis-gen/specification/schema.go:61.19,63.3 1 0
github.com/meitner-se/publicapis-gen/specification/schema.go:65.2,65.20 1 1
github.com/meitner-se/publicapis-gen/specification/schema.go:69.78,71.19 2 1
github.com/meitner-se/publicapis-gen/specification/schema.go:71.19,73.3 1 0
github.com/meitner-se/publicapis-gen/specification/schema.go:75.2,75.20 1 1
github.com/meitner-se/publicapis-gen/specification/schema.go:79.86,81.19 2 1
github.com/meitner-se/publicapis-gen/specification/schema.go:81.19,83.3 1 0
github.com/meitner-se/publicapis-gen/specification/schema.go:85.2,85.20 1 1
github.com/meitner-se/publicapis-gen/specification/schema.go:89.81,91.19 2 1
github.com/meitner-se/publicapis-gen/specification/schema.go:91.19,93.3 1 0
github.com/meitner-se/publicapis-gen/specification/schema.go:95.2,95.20 1 1
github.com/meitner-se/publicapis-gen/specification/schema.go:99.88,101.19 2 1
github.com/meitner-se/publicapis-gen/specification/schema.go:101.19,103.3 1 0
github.com/meitner-se/publicapis-gen/specification/schema.go:105.2,105.20 1 1
github.com/meitner-se/publicapis-gen/specification/schema.go:109.89,111.19 2 1
github.com/meitner-se/publicapis-gen/specification/schema.go:111.19,113.3 1 0
github.com/meitner-se/publicapis-gen/specification/schema.go:115.2,115.20 1 1
github.com/meitner-se/publicapis-gen/specification/schema.go:119.88,123.16 3 1
github.com/meitner-se/publicapis-gen/specification/schema.go:123.16,125.3 1 0
github.com/meitner-se/publicapis-gen/specification/schema.go:126.2,129.16 3 1
github.com/meitner-se/publicapis-gen/specification/schema.go:129.16,131.3 1 0
github.com/meitner-se/publicapis-gen/specification/schema.go:132.2,135.16 3 1
github.com/meitner-se/publicapis-gen/specification/schema.go:135.16,137.3 1 0
github.com/meitner-se/publicapis-gen/specification/schema.go:138.2,141.16 3 1
github.com/meitner-se/publicapis-gen/specification/schema.go:141.16,143.3 1 0
github.com/meitner-se/publicapis-gen/specification/schema.go:144.2,147.16 3 1
github.com/meitner-se/publicapis-gen/specification/schema.go:147.16,149.3 1 0
github.com/meitner-se/publicapis-gen/specification/schema.go:150.2,153.16 3 1
github.com/meitner-se/publicapis-gen/specification/schema.go:153.16,155.3 1 0
github.com/meitner-se/publicapis-gen/specification/schema.go:156.2,159.16 3 1
github.com/meitner-se/publicapis-gen/specification/schema.go:159.16,161.3 1 0
github.com/meitner-se/publicapis-gen/specification/schema.go:162.2,165.16 3 1
github.com/meitner-se/publicapis-gen/specification/schema.go:165.16,167.3 1 0
github.com/meitner-se/publicapis-gen/specification/schema.go:168.2,171.16 3 1
github.com/meitner-se/publicapis-gen/specification/schema.go:171.16,173.3 1 0
github.com/meitner-se/publicapis-gen/specification/schema.go:174.2,176.21 2 1
github.com/meitner-se/publicapis-gen/specification/schema.go:180.84,182.16 2 1
github.com/meitner-se/publicapis-gen/specification/schema.go:182.16,184.3 1 0
github.com/meitner-se/publicapis-gen/specification/schema.go:186.2,186.31 1 1
github.com/meitner-se/publicapis-gen/specification/schema.go:190.72,192.16 2 1
github.com/meitner-se/publicapis-gen/specification/schema.go:192.16,194.3 1 0
github.com/meitner-se/publicapis-gen/specification/schema.go:196.2,196.32 1 1
